Using pre-set license
Built from '2020.2/staging' branch; Version is '2020.2.7f1 (c53830e277f1) revision 12924976'; Using compiler version '192528614'; Build Type 'Release'
OS: 'Windows 10 Pro; OS build 19044.1586; Version 2009; 64bit' Language: 'es' Physical Memory: 16322 MB
BatchMode: 1, IsHumanControllingUs: 0, StartBugReporterOnCrash: 0, Is64bit: 1, IsPro: 0

 COMMAND LINE ARGUMENTS:
C:\Program Files\Unity\Hub\Editor\2020.2.7f1\Editor\Unity.exe
-adb2
-batchMode
-noUpm
-name
AssetImportWorker0
-projectPath
C:/Users/Administrador/Desktop/Solar-system/Clase 1
-logFile
Logs/AssetImportWorker0.log
-srvPort
64082
Successfully changed project path to: C:/Users/Administrador/Desktop/Solar-system/Clase 1
C:/Users/Administrador/Desktop/Solar-system/Clase 1
Using Asset Import Pipeline V2.
Refreshing native plugins compatible for Editor in 24.70 ms, found 0 plugins.
Preloading 0 native plugins for Editor in 0.00 ms.
Initialize engine version: 2020.2.7f1 (c53830e277f1)
[Subsystems] Discovering subsystems at path C:/Program Files/Unity/Hub/Editor/2020.2.7f1/Editor/Data/Resources/UnitySubsystems
[Subsystems] Discovering subsystems at path C:/Users/Administrador/Desktop/Solar-system/Clase 1/Assets
GfxDevice: creating device client; threaded=0
Direct3D:
    Version:  Direct3D 11.0 [level 11.1]
    Renderer: NVIDIA GeForce GTX 1060 6GB (ID=0x1c03)
    Vendor:   
    VRAM:     6052 MB
    Driver:   27.21.14.5671
Initialize mono
Mono path[0] = 'C:/Program Files/Unity/Hub/Editor/2020.2.7f1/Editor/Data/Managed'
Mono path[1] = 'C:/Program Files/Unity/Hub/Editor/2020.2.7f1/Editor/Data/MonoBleedingEdge/lib/mono/unityjit'
Mono config path = 'C:/Program Files/Unity/Hub/Editor/2020.2.7f1/Editor/Data/MonoBleedingEdge/etc'
Using monoOptions --debugger-agent=transport=dt_socket,embedding=1,server=y,suspend=n,address=127.0.0.1:56676
Begin MonoManager ReloadAssembly
Registering precompiled unity dll's ...
Register platform support module: C:/Program Files/Unity/Hub/Editor/2020.2.7f1/Editor/Data/PlaybackEngines/WebGLSupport/UnityEditor.WebGL.Extensions.dll
Register platform support module: C:/Program Files/Unity/Hub/Editor/2020.2.7f1/Editor/Data/PlaybackEngines/MacStandaloneSupport/UnityEditor.OSXStandalone.Extensions.dll
Register platform support module: C:/Program Files/Unity/Hub/Editor/2020.2.7f1/Editor/Data/PlaybackEngines/WindowsStandaloneSupport/UnityEditor.WindowsStandalone.Extensions.dll
Register platform support module: C:/Program Files/Unity/Hub/Editor/2020.2.7f1/Editor/Data/PlaybackEngines/LinuxStandaloneSupport/UnityEditor.LinuxStandalone.Extensions.dll
Register platform support module: C:/Program Files/Unity/Hub/Editor/2020.2.7f1/Editor/Data/PlaybackEngines/LuminSupport/UnityEditor.Lumin.Extensions.dll
Registered in 0.004610 seconds.
Native extension for Lumin target not found
Native extension for LinuxStandalone target not found
Native extension for WindowsStandalone target not found
Native extension for OSXStandalone target not found
Native extension for WebGL target not found
Refreshing native plugins compatible for Editor in 38.63 ms, found 0 plugins.
Preloading 0 native plugins for Editor in 0.00 ms.
Invoked RoslynAnalysisRunner static constructor.
RoslynAnalysisRunner will not be running.
RoslynAnalysisRunner has terminated.
Mono: successfully reloaded assembly
- Completed reload, in  3.077 seconds
Platform modules already initialized, skipping
Registering precompiled user dll's ...
Registered in 0.000894 seconds.
Begin MonoManager ReloadAssembly
Native extension for Lumin target not found
Native extension for LinuxStandalone target not found
Native extension for WindowsStandalone target not found
Native extension for OSXStandalone target not found
Native extension for WebGL target not found
Refreshing native plugins compatible for Editor in 0.23 ms, found 0 plugins.
Preloading 0 native plugins for Editor in 0.00 ms.
Invoked RoslynAnalysisRunner static constructor.
RoslynAnalysisRunner will not be running.
RoslynAnalysisRunner has terminated.
Mono: successfully reloaded assembly
- Completed reload, in  1.021 seconds
Platform modules already initialized, skipping
========================================================================
Worker process is ready to serve import requests
Launched and connected shader compiler UnityShaderCompiler.exe after 0.05 seconds
Refreshing native plugins compatible for Editor in 0.37 ms, found 0 plugins.
Preloading 0 native plugins for Editor in 0.00 ms.
Unloading 1116 Unused Serialized files (Serialized files now loaded: 0)
System memory in use before: 57.3 MB.
System memory in use after: 57.3 MB.

Unloading 9 unused Assets to reduce memory usage. Loaded Objects now: 1561.
Total: 2.963800 ms (FindLiveObjects: 0.196000 ms CreateObjectMapping: 0.049600 ms MarkObjects: 2.642500 ms  DeleteObjects: 0.074400 ms)

========================================================================
Received Import Request.
  path: Assets/Materials
  artifactKey: Guid(df51031def145704ca776bab28a007d6) Importer(815301076,1909f56bfc062723c751e8b465ee728b)
Start importing Assets/Materials using Guid(df51031def145704ca776bab28a007d6) Importer(815301076,1909f56bfc062723c751e8b465ee728b)  -> (artifact id: '1340e97d02af8fec5a450c3036ab35ee') in 0.012260 seconds
  Import took 0.015014 seconds .

========================================================================
Received Import Request.
  Time since last request: 33.967469 seconds.
  path: Assets/Textures/2k_earth_specular_map.tif
  artifactKey: Guid(731d4e376d6770c44b0e41219582a24e) Importer(815301076,1909f56bfc062723c751e8b465ee728b)
Start importing Assets/Textures/2k_earth_specular_map.tif using Guid(731d4e376d6770c44b0e41219582a24e) Importer(815301076,1909f56bfc062723c751e8b465ee728b)  -> (artifact id: '06d6a4b38f3b67a7d9b42303b5439721') in 0.072021 seconds
  Import took 0.074593 seconds .

========================================================================
Received Import Request.
  Time since last request: 384.199959 seconds.
  path: Assets/Materials/2k_earth_daymap.mat
  artifactKey: Guid(fd343d4635c67ab45b7ef76950bec98f) Importer(815301076,1909f56bfc062723c751e8b465ee728b)
Start importing Assets/Materials/2k_earth_daymap.mat using Guid(fd343d4635c67ab45b7ef76950bec98f) Importer(815301076,1909f56bfc062723c751e8b465ee728b)  -> (artifact id: 'fac2141acf1d02f48666ef473e953083') in 0.123464 seconds
  Import took 0.126053 seconds .

========================================================================
Received Import Request.
  Time since last request: 32.935654 seconds.
  path: Assets/Scenes
  artifactKey: Guid(3f82c2fa4a872944c9d1cc04c12b81b1) Importer(815301076,1909f56bfc062723c751e8b465ee728b)
Start importing Assets/Scenes using Guid(3f82c2fa4a872944c9d1cc04c12b81b1) Importer(815301076,1909f56bfc062723c751e8b465ee728b)  -> (artifact id: 'f048f832918d7fdcbc7f2a3b43e861e3') in 0.007530 seconds
  Import took 0.010986 seconds .

========================================================================
Received Import Request.
  Time since last request: 17.857847 seconds.
  path: Assets/Scenes/Menu.unity
  artifactKey: Guid(ba996ea4e491c984a80c5b46c0d9e52c) Importer(815301076,1909f56bfc062723c751e8b465ee728b)
Start importing Assets/Scenes/Menu.unity using Guid(ba996ea4e491c984a80c5b46c0d9e52c) Importer(815301076,1909f56bfc062723c751e8b465ee728b)  -> (artifact id: '67c66eb1079f7a678862f648be19acfe') in 0.009114 seconds
  Import took 0.013433 seconds .

========================================================================
Received Import Request.
  Time since last request: 138.309676 seconds.
  path: Assets/Textures/stock-photo-planet-earth-in-front-of-the-milky-way-galaxy-elements-of-this-image-furnished-by-nasa-772574773.jpg
  artifactKey: Guid(42f64b18c97f7ee4bbff33ae01366edc) Importer(815301076,1909f56bfc062723c751e8b465ee728b)
Start importing Assets/Textures/stock-photo-planet-earth-in-front-of-the-milky-way-galaxy-elements-of-this-image-furnished-by-nasa-772574773.jpg using Guid(42f64b18c97f7ee4bbff33ae01366edc) Importer(815301076,1909f56bfc062723c751e8b465ee728b)  -> (artifact id: '78891bd61e75f0f39e3131696e95119c') in 0.021308 seconds
  Import took 0.023710 seconds .

========================================================================
Received Import Request.
  Time since last request: 141.908550 seconds.
  path: Assets/Textures/stock-photo-planet-earth-in-front-of-the-milky-way-galaxy-elements-of-this-image-furnished-by-nasa-772574773.jpg
  artifactKey: Guid(42f64b18c97f7ee4bbff33ae01366edc) Importer(815301076,1909f56bfc062723c751e8b465ee728b)
Start importing Assets/Textures/stock-photo-planet-earth-in-front-of-the-milky-way-galaxy-elements-of-this-image-furnished-by-nasa-772574773.jpg using Guid(42f64b18c97f7ee4bbff33ae01366edc) Importer(815301076,1909f56bfc062723c751e8b465ee728b)  -> (artifact id: '034f94821fdbd38d009cb67da4adfeb6') in 0.044265 seconds
  Import took 0.047331 seconds .

========================================================================
Received Prepare
Registering precompiled user dll's ...
Registered in 0.000990 seconds.
Begin MonoManager ReloadAssembly
Native extension for Lumin target not found
Native extension for LinuxStandalone target not found
Native extension for WindowsStandalone target not found
Native extension for OSXStandalone target not found
Native extension for WebGL target not found
Refreshing native plugins compatible for Editor in 0.31 ms, found 0 plugins.
Preloading 0 native plugins for Editor in 0.00 ms.
Invoked RoslynAnalysisRunner static constructor.
RoslynAnalysisRunner will not be running.
RoslynAnalysisRunner has terminated.
Mono: successfully reloaded assembly
- Completed reload, in  1.048 seconds
Platform modules already initialized, skipping
Refreshing native plugins compatible for Editor in 0.62 ms, found 0 plugins.
Preloading 0 native plugins for Editor in 0.00 ms.
Unloading 1124 Unused Serialized files (Serialized files now loaded: 0)
System memory in use before: 62.4 MB.
System memory in use after: 61.9 MB.

Unloading 17 unused Assets to reduce memory usage. Loaded Objects now: 1608.
Total: 4.465000 ms (FindLiveObjects: 0.284600 ms CreateObjectMapping: 0.086800 ms MarkObjects: 3.660100 ms  DeleteObjects: 0.431900 ms)

========================================================================
Received Prepare
Registering precompiled user dll's ...
Registered in 0.001437 seconds.
Begin MonoManager ReloadAssembly
Native extension for Lumin target not found
Native extension for LinuxStandalone target not found
Native extension for WindowsStandalone target not found
Native extension for OSXStandalone target not found
Native extension for WebGL target not found
Refreshing native plugins compatible for Editor in 0.24 ms, found 0 plugins.
Preloading 0 native plugins for Editor in 0.00 ms.
Invoked RoslynAnalysisRunner static constructor.
RoslynAnalysisRunner will not be running.
RoslynAnalysisRunner has terminated.
Mono: successfully reloaded assembly
- Completed reload, in  0.892 seconds
Platform modules already initialized, skipping
Refreshing native plugins compatible for Editor in 0.23 ms, found 0 plugins.
Preloading 0 native plugins for Editor in 0.00 ms.
Unloading 1124 Unused Serialized files (Serialized files now loaded: 0)
System memory in use before: 62.4 MB.
System memory in use after: 61.9 MB.

Unloading 17 unused Assets to reduce memory usage. Loaded Objects now: 1611.
Total: 2.174900 ms (FindLiveObjects: 0.305700 ms CreateObjectMapping: 0.073700 ms MarkObjects: 1.450100 ms  DeleteObjects: 0.344100 ms)

========================================================================
Received Import Request.
  Time since last request: 564.182162 seconds.
  path: Assets/Scenes/SampleScene.unity
  artifactKey: Guid(9fc0d4010bbf28b4594072e72b8655ab) Importer(815301076,1909f56bfc062723c751e8b465ee728b)
Start importing Assets/Scenes/SampleScene.unity using Guid(9fc0d4010bbf28b4594072e72b8655ab) Importer(815301076,1909f56bfc062723c751e8b465ee728b)  -> (artifact id: '3d3f2ee312d6be6cce38c3e13b1e4aa8') in 0.017551 seconds
  Import took 0.020110 seconds .

AssetImportWorkerClient::OnTransportError - code=2 error=End of file
